<?xml version="1.0" encoding="UTF-8"?>
<!-- Generated by org.testng.reporters.JUnitReportReporter -->
<testsuite hostname="Aziz" failures="0" tests="6" name="TestCases.TestForPracticeActions" time="69.473" errors="0" timestamp="06 Feb 2023 02:41:54 GMT" skipped="0">
  <testcase classname="TestCases.TestForPracticeActions" name="Verify_dropDown_Functionality_by_SelectByVisibleText" time="10.429"/>
  <testcase classname="TestCases.TestForPracticeActions" name="Verify_dropDown_Functionality" time="10.533"/>
  <testcase classname="TestCases.TestForPracticeActions" name="Verify_dropDown_Functionality_by_SelectByIndex" time="10.477"/>
  <testcase classname="TestCases.TestForPracticeActions" name="verifyHoverFunctionality" time="14.913"/>
  <testcase classname="TestCases.TestForPracticeActions" name="verify_multiple_window_option" time="12.658"/>
  <testcase classname="TestCases.TestForPracticeActions" name="verifyUserCanRightClick" time="10.463"/>
</testsuite> <!-- TestCases.TestForPracticeActions -->
